N E X T F L O W  ~  version 21.10.6
Launching `mips_mrd.nf` [naughty_keller] - revision: 7e131a233b

STARTING PIPELINE
=*=*=*=*=*=*=*=*=
Sample list: /home/pipelines/Consensus_pipeline_with_espresso/samplesheet.csv
BED file: /home/pipelines/Consensus_pipeline_with_espresso/bedfiles/AML_MRD_ICMR_del_CEBPA_sortd.bed
Sequences in:/home/pipelines/Consensus_pipeline_with_espresso/sequences/

WARN: Nextflow version 21.10.6 does not match workflow required version: 20.10.0 -- Execution will continue, but things may break!
[02/f16603] Cached process > NARASIMHA_MRD_VALIDATION:trimming (1)
[82/2f65ef] Cached process > NARASIMHA_MRD_VALIDATION:trimming (2)
[89/74116c] Cached process > NARASIMHA_MRD_VALIDATION:fastqc (2)
[e5/4162e6] Cached process > NARASIMHA_MRD_VALIDATION:fastqc (1)
[e9/d45098] Cached process > NARASIMHA_MRD_VALIDATION:FastqToBam_NARASIMHA (2)
[c3/815fbd] Cached process > NARASIMHA_MRD_VALIDATION:FastqToBam_NARASIMHA (1)
[46/2eb6dd] Cached process > NARASIMHA_MRD_VALIDATION:pair_assembly_pear (1)
[0e/edd34a] Cached process > NARASIMHA_MRD_VALIDATION:pair_assembly_pear (2)
[e1/1c3a55] Cached process > NARASIMHA_MRD_VALIDATION:MapBam (1)
[41/0686dc] Cached process > NARASIMHA_MRD_VALIDATION:mapping_reads (1)
[22/f1050d] Cached process > NARASIMHA_MRD_VALIDATION:mapping_reads (2)
[4b/ba1a13] Cached process > NARASIMHA_MRD_VALIDATION:MapBam (2)
[22/a3a8b6] Cached process > NARASIMHA_MRD_VALIDATION:GroupReadsByUmi (2)
[f7/368249] Cached process > NARASIMHA_MRD_VALIDATION:GroupReadsByUmi (1)
[ca/ed18de] Cached process > NARASIMHA_MRD_VALIDATION:sam_conversion (1)
[50/96e636] Cached process > NARASIMHA_MRD_VALIDATION:sam_conversion (2)
[ea/f6b6bd] Cached process > NARASIMHA_MRD_VALIDATION:CallMolecularConsensusReads (2)
[e9/2a9f22] Cached process > NARASIMHA_MRD_VALIDATION:CallMolecularConsensusReads (1)
[59/17e356] Cached process > NARASIMHA_MRD_VALIDATION:vardict_uncoll (1)
[7d/120525] Cached process > NARASIMHA_MRD_VALIDATION:vardict_uncoll (2)
[e0/540687] Cached process > NARASIMHA_MRD_VALIDATION:minimap_getitd (1)
[e0/d45687] Cached process > NARASIMHA_MRD_VALIDATION:minimap_getitd (2)
[a2/7d9827] Cached process > NARASIMHA_MRD_VALIDATION:coverage_mosdepth_uncoll (1)
[d9/65b218] Cached process > NARASIMHA_MRD_VALIDATION:coverage_mosdepth_uncoll (2)
[3e/b0bd34] Cached process > NARASIMHA_MRD_VALIDATION:hsmetrics_run_uncoll (2)
[47/db6b94] Cached process > NARASIMHA_MRD_VALIDATION:hsmetrics_run_uncoll (1)
[87/cd2fb6] Cached process > NARASIMHA_MRD_VALIDATION:FilterConsBam (1)
[09/a9ce5d] Cached process > NARASIMHA_MRD_VALIDATION:varscan_uncoll (2)
[ee/6b5f35] Cached process > NARASIMHA_MRD_VALIDATION:FilterConsBam (2)
[7a/864068] Cached process > NARASIMHA_MRD_VALIDATION:varscan_uncoll (1)
[a6/4152ac] Cached process > NARASIMHA_MRD_VALIDATION:ABRA2_realign (2)
[d5/171174] Cached process > NARASIMHA_MRD_VALIDATION:ABRA2_realign (1)
[57/2d39ca] Cached process > NARASIMHA_MRD_VALIDATION:vardict (2)
[fb/a4a25b] Cached process > NARASIMHA_MRD_VALIDATION:coverage_mosdepth (2)
[39/61644e] Cached process > NARASIMHA_MRD_VALIDATION:coverage_mosdepth (1)
[ba/87c6db] Cached process > NARASIMHA_MRD_VALIDATION:vardict (1)
[83/144a87] Submitted process > NARASIMHA_MRD_VALIDATION:mutect2_run_uncoll (1)
[12/7d5999] Cached process > NARASIMHA_MRD_VALIDATION:hsmetrics_run (1)
[c2/754003] Cached process > NARASIMHA_MRD_VALIDATION:hsmetrics_run (2)
[6a/fa4b4f] Cached process > NARASIMHA_MRD_VALIDATION:varscan (2)
[3d/fee968] Cached process > NARASIMHA_MRD_VALIDATION:varscan (1)
[8e/7abd42] Submitted process > NARASIMHA_MRD_VALIDATION:mutect2_run_uncoll (2)
[8a/4aa3be] Cached process > NARASIMHA_MRD_VALIDATION:CNS_filegen (2)
[4a/9b06b5] Cached process > NARASIMHA_MRD_VALIDATION:CNS_filegen (1)
[e3/ccb49a] Submitted process > NARASIMHA_MRD_VALIDATION:mutect2_run (1)
[08/f976ec] Submitted process > NARASIMHA_MRD_VALIDATION:mutect2_run (2)
[be/8b1ba8] Submitted process > NARASIMHA_MRD_VALIDATION:somaticSeq_run (1)
[f5/5f477e] Submitted process > NARASIMHA_MRD_VALIDATION:somaticSeq_run (2)
[7d/458b4c] Submitted process > NARASIMHA_MRD_VALIDATION:somaticSeq_run_uncoll (1)
[04/8f2b91] Submitted process > NARASIMHA_MRD_VALIDATION:somaticSeq_run_uncoll (2)


Done! Output in the 'Final_Output' directory 

